<?xml version="1.0" encoding="UTF-8"?>
<!-- Generated by org.testng.reporters.JUnitXMLReporter -->
<testsuite hostname="DESKTOP-3G8P0RD" ignored="0" name="test1" tests="3" failures="0" timestamp="15 三月 2018 07:01:54 GMT" time="97.018" errors="0">
  <testcase name="test01" time="7.751" classname="com.lll.testCase.baudiCase"/>
  <testcase name="test01" time="3.442" classname="com.lll.testCase.baudiCase"/>
  <testcase name="test01" time="3.369" classname="com.lll.testCase.baudiCase"/>
</testsuite> <!-- test1 -->
